<?xml version="1.0" encoding="UTF-8"?>
<!-- Generated by org.testng.reporters.JUnitReportReporter -->
<testsuite skipped="0" hostname="Poulomi-PC" name="TestSuite.UAT1" tests="1" failures="0" timestamp="2020-04-30T13:24:16 IST" time="8.004" errors="0">
  <testcase name="testLogin" time="8.004" classname="TestSuite.UAT1"/>
  <system-out/>
</testsuite> <!-- TestSuite.UAT1 -->
