<?xml version="1.0" encoding="UTF-8"?>
<!-- Generated by org.testng.reporters.JUnitReportReporter -->
<testsuite skipped="0" hostname="Poulomi-PC" name="TestSuite.SwitchTO" tests="1" failures="0" timestamp="2020-04-29T11:43:00 IST" time="22.140" errors="0">
  <testcase name="testLogin" time="22.140" classname="TestSuite.SwitchTO"/>
  <system-out/>
</testsuite> <!-- TestSuite.SwitchTO -->
