<?xml version="1.0" encoding="UTF-8"?>
<!-- Generated by org.testng.reporters.JUnitReportReporter -->
<testsuite skipped="0" hostname="Poulomi-PC" name="TestSuite.UAT1" tests="1" failures="0" timestamp="2020-04-29T11:41:19 IST" time="7.920" errors="0">
  <testcase name="testLogin" time="7.920" classname="TestSuite.UAT1"/>
  <system-out/>
</testsuite> <!-- TestSuite.UAT1 -->
